{
  "stats": {
    "suites": 1,
    "tests": 1,
    "passes": 1,
    "pending": 0,
    "failures": 0,
    "start": "2024-06-12T11:23:25.272Z",
    "end": "2024-06-12T11:23:35.716Z",
    "duration": 10444,
    "testsRegistered": 1,
    "passPercent": 100,
    "pendingPercent": 0,
    "other": 0,
    "hasOther": false,
    "skipped": 0,
    "hasSkipped": false
  },
  "results": [
    {
      "uuid": "7a72940e-b84a-414f-ae28-bd801cc64bb2",
      "title": "",
      "fullFile": "cypress/e2e/automation-test-store/inspect-item.js",
      "file": "cypress/e2e/automation-test-store/inspect-item.js",
      "beforeHooks": [],
      "afterHooks": [],
      "tests": [],
      "suites": [
        {
          "uuid": "d2180151-4858-4ef6-872f-feb77b9c714d",
          "title": "Inspect automation test store items using chain of commands",
          "fullFile": "",
          "file": "",
          "beforeHooks": [],
          "afterHooks": [],
          "tests": [
            {
              "title": "Click on first item using item header using then function",
              "fullTitle": "Inspect automation test store items using chain of commands Click on first item using item header using then function",
              "timedOut": null,
              "duration": 7990,
              "state": "passed",
              "speed": "medium",
              "pass": true,
              "fail": false,
              "pending": false,
              "context": null,
              "code": "cy.visit(\"https://www.automationteststore.com/\");\ncy.get('.prdocutname').contains('Skinsheen Bronzer Stick').click().then(function (headernameText) {\n  cy.log('Selected the following item ' + headernameText.text());\n});",
              "err": {},
              "uuid": "fa5b7782-decc-40d2-9b53-abd84b938c00",
              "parentUUID": "d2180151-4858-4ef6-872f-feb77b9c714d",
              "isHook": false,
              "skipped": false
            }
          ],
          "suites": [],
          "passes": [
            "fa5b7782-decc-40d2-9b53-abd84b938c00"
          ],
          "failures": [],
          "pending": [],
          "skipped": [],
          "duration": 7990,
          "root": false,
          "rootEmpty": false,
          "_timeout": 2000
        }
      ],
      "passes": [],
      "failures": [],
      "pending": [],
      "skipped": [],
      "duration": 0,
      "root": true,
      "rootEmpty": true,
      "_timeout": 2000
    }
  ],
  "meta": {
    "mocha": {
      "version": "7.0.1"
    },
    "mochawesome": {
      "options": {
        "quiet": false,
        "reportFilename": "mochawesome",
        "saveHtml": false,
        "saveJson": true,
        "consoleReporter": "spec",
        "useInlineDiffs": false,
        "code": true
      },
      "version": "7.1.3"
    },
    "marge": {
      "options": {
        "id": "default",
        "reportDir": "cypress/results/mochawesome",
        "quite": true,
        "overwrite": false,
        "html": false,
        "json": true
      },
      "version": "6.2.0"
    }
  }
}