{
  "stats": {
    "suites": 1,
    "tests": 2,
    "passes": 0,
    "pending": 0,
    "failures": 2,
    "start": "2024-06-12T11:23:20.965Z",
    "end": "2024-06-12T11:23:21.924Z",
    "duration": 959,
    "testsRegistered": 2,
    "passPercent": 0,
    "pendingPercent": 0,
    "other": 0,
    "hasOther": false,
    "skipped": 0,
    "hasSkipped": false
  },
  "results": [
    {
      "uuid": "445911d1-0a43-453b-8ef0-f06937db6aa1",
      "title": "",
      "fullFile": "cypress/e2e/automation-test-store/contact-us.js",
      "file": "cypress/e2e/automation-test-store/contact-us.js",
      "beforeHooks": [],
      "afterHooks": [],
      "tests": [],
      "suites": [
        {
          "uuid": "8aca6b65-af33-4f03-8b3d-7ad3031f14ff",
          "title": "Test contact us for via Automation test store",
          "fullFile": "",
          "file": "",
          "beforeHooks": [],
          "afterHooks": [],
          "tests": [
            {
              "title": "Should be able to submit successful submission via contact us form",
              "fullTitle": "Test contact us for via Automation test store Should be able to submit successful submission via contact us form",
              "timedOut": null,
              "duration": 443,
              "state": "failed",
              "speed": null,
              "pass": false,
              "fail": true,
              "pending": false,
              "context": null,
              "code": "cy.visit(\"https://www.automationteststore.com/\");\n//select contact\n//cy.get('.info_links_footer > :nth-child(5) > a').click()\ncy.xpath(\"//a[contains(@href,'content/contact')]\").click();\n//type into the form\ncy.get('@user').then(user => {\n  cy.get('#ContactUsFrm_first_name').type(user.first_name);\n  cy.get('#ContactUsFrm_email').type(user.email);\n  cy.get('#ContactUsFrm_email').should('have.attr', 'name', 'email');\n  cy.get('#ContactUsFrm_enquiry').type(\"cypress testing\");\n  cy.get('.col-md-6 > .btn').click();\n  cy.get('.mb40 > :nth-child(3)').should('have.text', 'Your enquiry has been successfully sent to the store owner!');\n});",
              "err": {
                "message": "TypeError: cy.xpath is not a function",
                "estack": "TypeError: cy.xpath is not a function\n    at Context.eval (webpack://cypress_automation_learning/./cypress/e2e/automation-test-store/contact-us.js:15:11)",
                "diff": null
              },
              "uuid": "0a97e532-1a69-4893-b365-195daf9e0cfa",
              "parentUUID": "8aca6b65-af33-4f03-8b3d-7ad3031f14ff",
              "isHook": false,
              "skipped": false
            },
            {
              "title": "output the text of contact us link",
              "fullTitle": "Test contact us for via Automation test store output the text of contact us link",
              "timedOut": null,
              "duration": 385,
              "state": "failed",
              "speed": null,
              "pass": false,
              "fail": true,
              "pending": false,
              "context": null,
              "code": "cy.visit(\"https://www.automationteststore.com/\");\n//select contact\n//cy.get('.info_links_footer > :nth-child(5) > a').click()\ncy.xpath(\"//a[contains(@href,'content/contact')]\").click().then(function (contectUsText) {\n  cy.log('Click on link using text ' + contectUsText.text());\n});\n//type into the form\ncy.get('#ContactUsFrm_first_name').type(\"Varun S\");\ncy.get('#ContactUsFrm_email').type(\"varunrao2510@gmail.com\");\ncy.get('#ContactUsFrm_email').should('have.attr', 'name', 'email');\ncy.get('#ContactUsFrm_enquiry').type(\"cypress testing\");\ncy.get('.col-md-6 > .btn').click();\ncy.get('.mb40 > :nth-child(3)').should('have.text', 'Your enquiry has been successfully sent to the store owner!');",
              "err": {
                "message": "TypeError: cy.xpath is not a function",
                "estack": "TypeError: cy.xpath is not a function\n    at Context.eval (webpack://cypress_automation_learning/./cypress/e2e/automation-test-store/contact-us.js:31:11)",
                "diff": null
              },
              "uuid": "a6099c24-c126-4285-89cb-cc26f2b2fb36",
              "parentUUID": "8aca6b65-af33-4f03-8b3d-7ad3031f14ff",
              "isHook": false,
              "skipped": false
            }
          ],
          "suites": [],
          "passes": [],
          "failures": [
            "0a97e532-1a69-4893-b365-195daf9e0cfa",
            "a6099c24-c126-4285-89cb-cc26f2b2fb36"
          ],
          "pending": [],
          "skipped": [],
          "duration": 828,
          "root": false,
          "rootEmpty": false,
          "_timeout": 2000
        }
      ],
      "passes": [],
      "failures": [],
      "pending": [],
      "skipped": [],
      "duration": 0,
      "root": true,
      "rootEmpty": true,
      "_timeout": 2000
    }
  ],
  "meta": {
    "mocha": {
      "version": "7.0.1"
    },
    "mochawesome": {
      "options": {
        "quiet": false,
        "reportFilename": "mochawesome",
        "saveHtml": false,
        "saveJson": true,
        "consoleReporter": "spec",
        "useInlineDiffs": false,
        "code": true
      },
      "version": "7.1.3"
    },
    "marge": {
      "options": {
        "id": "default",
        "reportDir": "cypress/results/mochawesome",
        "quite": true,
        "overwrite": false,
        "html": false,
        "json": true
      },
      "version": "6.2.0"
    }
  }
}