{
  "stats": {
    "suites": 1,
    "tests": 1,
    "passes": 1,
    "pending": 0,
    "failures": 0,
    "start": "2024-06-12T11:23:09.411Z",
    "end": "2024-06-12T11:23:18.030Z",
    "duration": 8619,
    "testsRegistered": 1,
    "passPercent": 100,
    "pendingPercent": 0,
    "other": 0,
    "hasOther": false,
    "skipped": 0,
    "hasSkipped": false
  },
  "results": [
    {
      "uuid": "8fcf8f01-b14c-48d9-92df-454169e5d2fa",
      "title": "",
      "fullFile": "cypress/e2e/automation-test-store/alias-invoke.js",
      "file": "cypress/e2e/automation-test-store/alias-invoke.js",
      "beforeHooks": [],
      "afterHooks": [],
      "tests": [],
      "suites": [
        {
          "uuid": "6a33dc2a-8ce5-4745-b630-86ba3942e6a1",
          "title": "Alias and invoke",
          "fullFile": "",
          "file": "",
          "beforeHooks": [],
          "afterHooks": [],
          "tests": [
            {
              "title": "Calculate total of normal and sale products",
              "fullTitle": "Alias and invoke Calculate total of normal and sale products",
              "timedOut": null,
              "duration": 5853,
              "state": "passed",
              "speed": "medium",
              "pass": true,
              "fail": false,
              "pending": false,
              "context": null,
              "code": "cy.visit(\"https://www.automationteststore.com/\");\n//cy.get(\"a[href*='product/category&path']\").contains(\"Hair Care\").click()\ncy.get(\".thumbnail\").as('productThumbnail');\n// cy.get('@productThumbnail').find('.oneprice').each(($el, index, list) => {\n//     cy.log($el.text())\n// })\ncy.get('.thumbnail').find('.oneprice').invoke('text').as('itemPrice');\ncy.get('.thumbnail').find('.pricenew').invoke('text').as('saleItemPrice');\nvar itemsTotal = 0;\ncy.get('@itemPrice').then($linkTest => {\n  var itemPriceTotal = 0;\n  var itemPrice = $linkTest.split('$');\n  var i;\n  for (i = 0; i < itemPrice.length; i++) {\n    cy.log(itemPrice[i]);\n    itemPriceTotal = itemPriceTotal + Number(itemPrice[i]);\n  }\n  itemsTotal += itemPriceTotal;\n  cy.log('Item total proce is:', itemPriceTotal);\n});\ncy.get('@saleItemPrice').then($linkTest => {\n  var itemPriceTotal = 0;\n  var saleItemPrice = $linkTest.split('$');\n  var i;\n  for (i = 0; i < saleItemPrice.length; i++) {\n    cy.log(saleItemPrice[i]);\n    itemPriceTotal = itemPriceTotal + Number(saleItemPrice[i]);\n  }\n  itemsTotal += itemPriceTotal;\n  cy.log('Sale Item total proce is:', itemPriceTotal);\n}).then(() => {\n  cy.log(\"the total price of all product:\", +itemsTotal);\n  expect(itemsTotal).to.eq(648.5);\n});",
              "err": {},
              "uuid": "7955131f-3bec-4948-95c7-3e908b40ac12",
              "parentUUID": "6a33dc2a-8ce5-4745-b630-86ba3942e6a1",
              "isHook": false,
              "skipped": false
            }
          ],
          "suites": [],
          "passes": [
            "7955131f-3bec-4948-95c7-3e908b40ac12"
          ],
          "failures": [],
          "pending": [],
          "skipped": [],
          "duration": 5853,
          "root": false,
          "rootEmpty": false,
          "_timeout": 2000
        }
      ],
      "passes": [],
      "failures": [],
      "pending": [],
      "skipped": [],
      "duration": 0,
      "root": true,
      "rootEmpty": true,
      "_timeout": 2000
    }
  ],
  "meta": {
    "mocha": {
      "version": "7.0.1"
    },
    "mochawesome": {
      "options": {
        "quiet": false,
        "reportFilename": "mochawesome",
        "saveHtml": false,
        "saveJson": true,
        "consoleReporter": "spec",
        "useInlineDiffs": false,
        "code": true
      },
      "version": "7.1.3"
    },
    "marge": {
      "options": {
        "id": "default",
        "reportDir": "cypress/results/mochawesome",
        "quite": true,
        "overwrite": false,
        "html": false,
        "json": true
      },
      "version": "6.2.0"
    }
  }
}