{
  "stats": {
    "suites": 1,
    "tests": 2,
    "passes": 2,
    "pending": 0,
    "failures": 0,
    "start": "2024-06-12T11:23:38.690Z",
    "end": "2024-06-12T11:23:59.439Z",
    "duration": 20749,
    "testsRegistered": 2,
    "passPercent": 100,
    "pendingPercent": 0,
    "other": 0,
    "hasOther": false,
    "skipped": 0,
    "hasSkipped": false
  },
  "results": [
    {
      "uuid": "004764d3-a516-42a6-9bed-52cccee36327",
      "title": "",
      "fullFile": "cypress/e2e/automation-test-store/iterate-over-elements-cust-commands.js",
      "file": "cypress/e2e/automation-test-store/iterate-over-elements-cust-commands.js",
      "beforeHooks": [],
      "afterHooks": [],
      "tests": [],
      "suites": [
        {
          "uuid": "1a3371e4-3814-4af1-975d-2eea6fc7acd7",
          "title": "Iterate over elements",
          "fullFile": "",
          "file": "",
          "beforeHooks": [],
          "afterHooks": [],
          "tests": [
            {
              "title": "Add specific product to cart",
              "fullTitle": "Iterate over elements Add specific product to cart",
              "timedOut": null,
              "duration": 9440,
              "state": "passed",
              "speed": "medium",
              "pass": true,
              "fail": false,
              "pending": false,
              "context": null,
              "code": "cy.visit(\"https://www.automationteststore.com/\");\ncy.selectProduct('Curls to straight Shampoo');",
              "err": {},
              "uuid": "cf2caa57-6f5b-4aee-bdb5-9fb0a08795b0",
              "parentUUID": "1a3371e4-3814-4af1-975d-2eea6fc7acd7",
              "isHook": false,
              "skipped": false
            },
            {
              "title": "Add specific product to cart",
              "fullTitle": "Iterate over elements Add specific product to cart",
              "timedOut": null,
              "duration": 8490,
              "state": "passed",
              "speed": "medium",
              "pass": true,
              "fail": false,
              "pending": false,
              "context": null,
              "code": "cy.visit(\"https://www.automationteststore.com/\");\ncy.selectProduct('Eau Parfumee au The Vert Shampoo');",
              "err": {},
              "uuid": "68f1b43d-f33d-42c2-8704-f936ae49d4a1",
              "parentUUID": "1a3371e4-3814-4af1-975d-2eea6fc7acd7",
              "isHook": false,
              "skipped": false
            }
          ],
          "suites": [],
          "passes": [
            "cf2caa57-6f5b-4aee-bdb5-9fb0a08795b0",
            "68f1b43d-f33d-42c2-8704-f936ae49d4a1"
          ],
          "failures": [],
          "pending": [],
          "skipped": [],
          "duration": 17930,
          "root": false,
          "rootEmpty": false,
          "_timeout": 2000
        }
      ],
      "passes": [],
      "failures": [],
      "pending": [],
      "skipped": [],
      "duration": 0,
      "root": true,
      "rootEmpty": true,
      "_timeout": 2000
    }
  ],
  "meta": {
    "mocha": {
      "version": "7.0.1"
    },
    "mochawesome": {
      "options": {
        "quiet": false,
        "reportFilename": "mochawesome",
        "saveHtml": false,
        "saveJson": true,
        "consoleReporter": "spec",
        "useInlineDiffs": false,
        "code": true
      },
      "version": "7.1.3"
    },
    "marge": {
      "options": {
        "id": "default",
        "reportDir": "cypress/results/mochawesome",
        "quite": true,
        "overwrite": false,
        "html": false,
        "json": true
      },
      "version": "6.2.0"
    }
  }
}